<?xml version="1.0" encoding="UTF-8"?>
<testng-results ignored="0" total="1" passed="1" failed="0" skipped="0">
  <reporter-output>
    <line>
      <![CDATA[Open Browser]]>
    </line>
    <line>
      <![CDATA[Login]]>
    </line>
    <line>
      <![CDATA[create Customer]]>
    </line>
    <line>
      <![CDATA[Logout]]>
    </line>
    <line>
      <![CDATA[Close Browser]]>
    </line>
  </reporter-output>
  <suite started-at="2022-04-27T18:05:43 IST" name="Default suite" finished-at="2022-04-27T18:06:19 IST" duration-ms="36345">
    <groups>
    </groups>
    <test started-at="2022-04-27T18:05:43 IST" name="Default test" finished-at="2022-04-27T18:06:19 IST" duration-ms="36345">
      <class name="com.actitime.testscript.CustomerModule">
        <test-method is-config="true" signature="openBrowser()[pri:0, instance:com.actitime.testscript.CustomerModule@5fbdfdcf]" started-at="2022-04-27T18:05:43 IST" name="openBrowser" finished-at="2022-04-27T18:06:02 IST" duration-ms="19014" status="PASS">
          <reporter-output>
            <line>
              <![CDATA[Open Browser]]>
            </line>
          </reporter-output>
        </test-method> <!-- openBrowser -->
        <test-method is-config="true" signature="login()[pri:0, instance:com.actitime.testscript.CustomerModule@5fbdfdcf]" started-at="2022-04-27T18:06:02 IST" name="login" finished-at="2022-04-27T18:06:02 IST" duration-ms="464" status="PASS">
          <reporter-output>
            <line>
              <![CDATA[Login]]>
            </line>
          </reporter-output>
        </test-method> <!-- login -->
        <test-method signature="createCustomer()[pri:0, instance:com.actitime.testscript.CustomerModule@5fbdfdcf]" started-at="2022-04-27T18:06:02 IST" name="createCustomer" finished-at="2022-04-27T18:06:17 IST" duration-ms="14853" status="PASS">
          <reporter-output>
            <line>
              <![CDATA[create Customer]]>
            </line>
          </reporter-output>
        </test-method> <!-- createCustomer -->
        <test-method is-config="true" signature="logout()[pri:0, instance:com.actitime.testscript.CustomerModule@5fbdfdcf]" started-at="2022-04-27T18:06:17 IST" name="logout" finished-at="2022-04-27T18:06:19 IST" duration-ms="1791" status="PASS">
          <reporter-output>
            <line>
              <![CDATA[Logout]]>
            </line>
          </reporter-output>
        </test-method> <!-- logout -->
        <test-method is-config="true" signature="closeBrowser()[pri:0, instance:com.actitime.testscript.CustomerModule@5fbdfdcf]" started-at="2022-04-27T18:06:19 IST" name="closeBrowser" finished-at="2022-04-27T18:06:19 IST" duration-ms="162" status="PASS">
          <reporter-output>
            <line>
              <![CDATA[Close Browser]]>
            </line>
          </reporter-output>
        </test-method> <!-- closeBrowser -->
      </class> <!-- com.actitime.testscript.CustomerModule -->
    </test> <!-- Default test -->
  </suite> <!-- Default suite -->
</testng-results>
